0 silly argv {
0 silly argv   _: [ 'version' ],
0 silly argv   lernaVersion: '4.0.0',
0 silly argv   '$0': 'lerna',
0 silly argv   bump: 'minor'
0 silly argv }
1 notice cli v4.0.0
2 verbose rootPath /Users/nrfrush/Workspace/experiments/@seam/seam-web-components
3 info current version 0.0.0
4 silly isAnythingCommitted
5 verbose isAnythingCommitted 1
6 silly getCurrentBranch
7 verbose currentBranch main
8 silly remoteBranchExists
9 silly isBehindUpstream
10 silly isBehindUpstream main is behind origin/main by 0 commit(s) and ahead by 0
11 silly hasTags
12 verbose hasTags false
13 info Assuming all packages changed
14 verbose updated @0x9d/core-components
15 verbose git-describe undefined => "2ea6edb"
16 silly git-describe parsed => {"refCount":"2","sha":"2ea6edb","isDirty":false}
17 info execute Skipping releases
18 silly lifecycle No script for "preversion" in "root", continuing
19 silly lifecycle No script for "preversion" in "@0x9d/core-components", continuing
20 silly lifecycle No script for "version" in "@0x9d/core-components", continuing
21 silly lifecycle No script for "version" in "root", continuing
22 silly gitAdd [
22 silly gitAdd   'packages/core/package.json',
22 silly gitAdd   'packages/core/package-lock.json',
22 silly gitAdd   'lerna.json'
22 silly gitAdd ]
23 error Error: Command failed with exit code 1: git add -- packages/core/package.json packages/core/package-lock.json lerna.json
23 error The following paths are ignored by one of your .gitignore files:
23 error packages/core/package-lock.json
23 error hint: Use -f if you really want to add them.
23 error hint: Turn this message off by running
23 error hint: "git config advice.addIgnoredFile false"
23 error     at makeError (/Users/nrfrush/.nvm/versions/node/v17.1.0/lib/node_modules/lerna/node_modules/execa/lib/error.js:60:11)
23 error     at handlePromise (/Users/nrfrush/.nvm/versions/node/v17.1.0/lib/node_modules/lerna/node_modules/execa/index.js:118:26)
23 error     at processTicksAndRejections (node:internal/process/task_queues:96:5)
23 error     at async Promise.all (index 0)
